<?xml version="1.0" encoding="UTF-8"?>
<testng-results skipped="0" failed="0" total="1" passed="1">
  <reporter-output>
  </reporter-output>
  <suite name="Default suite" duration-ms="22877" started-at="2014-06-14T14:16:53Z" finished-at="2014-06-14T14:17:15Z">
    <groups>
    </groups>
    <test name="Default test" duration-ms="22877" started-at="2014-06-14T14:16:53Z" finished-at="2014-06-14T14:17:15Z">
      <class name="practicenine.newpractice_3.TestCase2">
        <test-method status="PASS" signature="initalModule()[pri:0, instance:practicenine.newpractice_3.TestCase2@109b415c]" name="initalModule" is-config="true" duration-ms="12478" started-at="2014-06-14T22:16:53Z" finished-at="2014-06-14T22:17:05Z">
          <reporter-output>
          </reporter-output>
        </test-method> <!-- initalModule -->
        <test-method status="PASS" signature="doCSSSeletor()[pri:0, instance:practicenine.newpractice_3.TestCase2@109b415c]" name="doCSSSeletor" duration-ms="9123" started-at="2014-06-14T22:17:05Z" finished-at="2014-06-14T22:17:14Z">
          <reporter-output>
          </reporter-output>
        </test-method> <!-- doCSSSeletor -->
        <test-method status="PASS" signature="release()[pri:0, instance:practicenine.newpractice_3.TestCase2@109b415c]" name="release" is-config="true" duration-ms="1257" started-at="2014-06-14T22:17:14Z" finished-at="2014-06-14T22:17:15Z">
          <reporter-output>
          </reporter-output>
        </test-method> <!-- release -->
      </class> <!-- practicenine.newpractice_3.TestCase2 -->
    </test> <!-- Default test -->
  </suite> <!-- Default suite -->
</testng-results>
